<?xml version="1.0" encoding="UTF-8"?>
<testng-results ignored="0" total="2" passed="2" failed="0" skipped="0">
  <reporter-output>
  </reporter-output>
  <suite started-at="2024-08-12T15:45:03 IST" name="Suite" finished-at="2024-08-12T15:45:26 IST" duration-ms="22995">
    <groups>
    </groups>
    <test started-at="2024-08-12T15:45:03 IST" name="ChromeTest" finished-at="2024-08-12T15:45:12 IST" duration-ms="8196">
      <class name="mytests.AppTest">
        <test-method is-config="true" signature="setUp(java.lang.String)[pri:0, instance:mytests.AppTest@7586beff]" started-at="2024-08-12T15:45:03 IST" name="setUp" finished-at="2024-08-12T15:45:08 IST" duration-ms="4578" status="PASS">
          <params>
            <param index="0">
              <value>
                <![CDATA[chrome]]>
              </value>
            </param>
          </params>
          <reporter-output>
          </reporter-output>
        </test-method> <!-- setUp -->
        <test-method signature="testGoogle()[pri:0, instance:mytests.AppTest@7586beff]" started-at="2024-08-12T15:45:08 IST" name="testGoogle" finished-at="2024-08-12T15:45:11 IST" duration-ms="3179" status="PASS">
          <reporter-output>
          </reporter-output>
        </test-method> <!-- testGoogle -->
        <test-method is-config="true" signature="tearDown()[pri:0, instance:mytests.AppTest@7586beff]" started-at="2024-08-12T15:45:11 IST" name="tearDown" finished-at="2024-08-12T15:45:12 IST" duration-ms="329" status="PASS">
          <reporter-output>
          </reporter-output>
        </test-method> <!-- tearDown -->
      </class> <!-- mytests.AppTest -->
    </test> <!-- ChromeTest -->
    <test started-at="2024-08-12T15:45:12 IST" name="Firefox" finished-at="2024-08-12T15:45:26 IST" duration-ms="14543">
      <class name="mytests.AppTest">
        <test-method is-config="true" signature="setUp(java.lang.String)[pri:0, instance:mytests.AppTest@2a5c8d3f]" started-at="2024-08-12T15:45:12 IST" name="setUp" finished-at="2024-08-12T15:45:20 IST" duration-ms="7855" status="PASS">
          <params>
            <param index="0">
              <value>
                <![CDATA[firefox]]>
              </value>
            </param>
          </params>
          <reporter-output>
          </reporter-output>
        </test-method> <!-- setUp -->
        <test-method signature="testGoogle()[pri:0, instance:mytests.AppTest@2a5c8d3f]" started-at="2024-08-12T15:45:20 IST" name="testGoogle" finished-at="2024-08-12T15:45:24 IST" duration-ms="4396" status="PASS">
          <reporter-output>
          </reporter-output>
        </test-method> <!-- testGoogle -->
        <test-method is-config="true" signature="tearDown()[pri:0, instance:mytests.AppTest@2a5c8d3f]" started-at="2024-08-12T15:45:24 IST" name="tearDown" finished-at="2024-08-12T15:45:26 IST" duration-ms="2273" status="PASS">
          <reporter-output>
          </reporter-output>
        </test-method> <!-- tearDown -->
      </class> <!-- mytests.AppTest -->
    </test> <!-- Firefox -->
  </suite> <!-- Suite -->
</testng-results>
